[05-Feb-2023 22:40:08 UTC] PHP Fatal error:  Uncaught ArgumentCountError: The number of variables must match the number of parameters in the prepared statement in C:\laragon\www\testWeb\insert.php:31
Stack trace:
#0 C:\laragon\www\testWeb\insert.php(31): mysqli_stmt->bind_param('sss', 'alhumaw', 'Hunter98', 'atimentwa@ymail...')
#1 {main}
  thrown in C:\laragon\www\testWeb\insert.php on line 31
[05-Feb-2023 22:43:56 UTC] PHP Fatal error:  Uncaught ArgumentCountError: The number of variables must match the number of parameters in the prepared statement in C:\laragon\www\testWeb\insert.php:31
Stack trace:
#0 C:\laragon\www\testWeb\insert.php(31): mysqli_stmt->bind_param('sss', 'alhumaw', 'Hunter98', 'Atimentwa@ymail...')
#1 {main}
  thrown in C:\laragon\www\testWeb\insert.php on line 31
[05-Feb-2023 22:44:31 UTC] PHP Fatal error:  Uncaught ArgumentCountError: The number of variables must match the number of parameters in the prepared statement in C:\laragon\www\testWeb\insert.php:31
Stack trace:
#0 C:\laragon\www\testWeb\insert.php(31): mysqli_stmt->bind_param('sss', 'a', 'b', 'c')
#1 {main}
  thrown in C:\laragon\www\testWeb\insert.php on line 31
[05-Feb-2023 23:14:06 UTC] PHP Fatal error:  Uncaught Error: mysqli_stmt object is already closed in C:\laragon\www\testWeb\retrieve.php:31
Stack trace:
#0 C:\laragon\www\testWeb\retrieve.php(31): mysqli_stmt->close()
#1 {main}
  thrown in C:\laragon\www\testWeb\retrieve.php on line 31
